<?xml version="1.0" encoding="UTF-8"?>
<!-- Generated by org.testng.reporters.JUnitReportReporter -->
<testsuite hostname="LAPTOP-5DMPA42V" failures="0" tests="1" name="CRUD_WithoutBDD_RMG.GetAllProjects" time="1.043" errors="0" timestamp="2023-12-13T16:14:22 IST" skipped="0">
  <testcase classname="CRUD_WithoutBDD_RMG.GetAllProjects" name="getAllProjects" time="1.043"/>
</testsuite> <!-- CRUD_WithoutBDD_RMG.GetAllProjects -->
