<?xml version="1.0" encoding="UTF-8"?>
<!-- Generated by org.testng.reporters.JUnitReportReporter -->
<testsuite hostname="LAPTOP-5DMPA42V" failures="0" tests="1" name="Parsing.Deserialization" time="0.195" errors="0" timestamp="2023-12-15T09:13:41 IST" skipped="0">
  <testcase classname="Parsing.Deserialization" name="deserialization" time="0.195"/>
</testsuite> <!-- Parsing.Deserialization -->
