<?xml version="1.0" encoding="UTF-8"?>
<!-- Generated by org.testng.reporters.JUnitReportReporter -->
<testsuite hostname="LAPTOP-5DMPA42V" failures="0" tests="1" name="CRUD_WithBDDApproach_Reqress.GetSingleUser" time="2.284" errors="0" timestamp="2023-10-27T14:37:52 IST" skipped="0">
  <testcase classname="CRUD_WithBDDApproach_Reqress.GetSingleUser" name="getSingleUser" time="2.284"/>
  <system-out/>
</testsuite> <!-- CRUD_WithBDDApproach_Reqress.GetSingleUser -->
