<?xml version="1.0" encoding="UTF-8"?>
<!-- Generated by org.testng.reporters.JUnitReportReporter -->
<testsuite hostname="LAPTOP-5DMPA42V" failures="0" tests="1" name="CRUD_WithBDDApproach_RMG.GetAllProjects" time="1.065" errors="0" timestamp="2023-10-27T12:46:56 IST" skipped="0">
  <testcase classname="CRUD_WithBDDApproach_RMG.GetAllProjects" name="getAllProjects" time="1.065"/>
  <system-out/>
</testsuite> <!-- CRUD_WithBDDApproach_RMG.GetAllProjects -->
