<?xml version="1.0" encoding="UTF-8"?>
<!-- Generated by org.testng.reporters.JUnitReportReporter -->
<testsuite hostname="LAPTOP-5DMPA42V" failures="0" tests="1" name="Parsing.Serialization" time="0.213" errors="0" timestamp="2023-12-15T09:08:59 IST" skipped="0">
  <testcase classname="Parsing.Serialization" name="serialization" time="0.213"/>
</testsuite> <!-- Parsing.Serialization -->
