<?xml version="1.0" encoding="UTF-8"?>
<!-- Generated by org.testng.reporters.JUnitReportReporter -->
<testsuite hostname="LAPTOP-5DMPA42V" failures="0" tests="1" name="CRUD_WithBDDApproach_RMG.UpdateProjectDetails" time="2.233" errors="0" timestamp="2023-10-27T13:25:14 IST" skipped="0">
  <testcase classname="CRUD_WithBDDApproach_RMG.UpdateProjectDetails" name="updateProjectDetails" time="2.233"/>
  <system-out/>
</testsuite> <!-- CRUD_WithBDDApproach_RMG.UpdateProjectDetails -->
