<?xml version="1.0" encoding="UTF-8"?>
<!-- Generated by org.testng.reporters.JUnitReportReporter -->
<testsuite hostname="LAPTOP-5DMPA42V" failures="0" tests="1" name="CRUD_WithoutBDD.GetAllProjects" time="1.675" errors="0" timestamp="2023-10-27T10:57:45 IST" skipped="0">
  <testcase classname="CRUD_WithoutBDD.GetAllProjects" name="getAllProjects" time="1.675"/>
  <system-out/>
</testsuite> <!-- CRUD_WithoutBDD.GetAllProjects -->
