<?xml version="1.0" encoding="UTF-8"?>
<!-- Generated by org.testng.reporters.JUnitReportReporter -->
<testsuite hostname="LAPTOP-5DMPA42V" failures="0" tests="1" name="responseValidationAndJSONPath.StaticResponseValid_Reqress" time="3.220" errors="0" timestamp="2023-10-30T12:43:37 IST" skipped="0">
  <testcase classname="responseValidationAndJSONPath.StaticResponseValid_Reqress" name="staticResponseValid_Reqress" time="3.220"/>
  <system-out/>
</testsuite> <!-- responseValidationAndJSONPath.StaticResponseValid_Reqress -->
