<?xml version="1.0" encoding="UTF-8"?>
<!-- Generated by org.testng.reporters.JUnitReportReporter -->
<testsuite hostname="LAPTOP-5DMPA42V" failures="0" tests="1" name="UsingPOJOClass_RMG.CreateProject" time="2.376" errors="0" timestamp="2023-10-27T16:02:13 IST" skipped="0">
  <testcase classname="UsingPOJOClass_RMG.CreateProject" name="createProject" time="2.376"/>
  <system-out/>
</testsuite> <!-- UsingPOJOClass_RMG.CreateProject -->
