<?xml version="1.0" encoding="UTF-8"?>
<!-- Generated by org.testng.reporters.JUnitReportReporter -->
<testsuite hostname="LAPTOP-5DMPA42V" failures="0" tests="1" name="Parsing.MultiplePhNos" time="0.224" errors="0" timestamp="2023-10-31T15:44:26 IST" skipped="0">
  <testcase classname="Parsing.MultiplePhNos" name="multiplePhNos" time="0.224"/>
  <system-out/>
</testsuite> <!-- Parsing.MultiplePhNos -->
