<?xml version="1.0" encoding="UTF-8"?>
<!-- Generated by org.testng.reporters.JUnitReportReporter -->
<testsuite hostname="LAPTOP-5DMPA42V" failures="0" tests="1" name="Reqress_WithoutBDD.CreateReq" time="3.090" errors="0" timestamp="2023-10-27T11:53:29 IST" skipped="0">
  <testcase classname="Reqress_WithoutBDD.CreateReq" name="createReq" time="3.090"/>
  <system-out/>
</testsuite> <!-- Reqress_WithoutBDD.CreateReq -->
