<?xml version="1.0" encoding="UTF-8"?>
<!-- Generated by org.testng.reporters.JUnitReportReporter -->
<testsuite hostname="LAPTOP-5DMPA42V" failures="0" tests="1" name="CRUD_WithBDDApproach_Reqress.GetAllUsers" time="2.229" errors="0" timestamp="2023-10-27T14:34:33 IST" skipped="0">
  <testcase classname="CRUD_WithBDDApproach_Reqress.GetAllUsers" name="getAllUsers" time="2.229"/>
  <system-out/>
</testsuite> <!-- CRUD_WithBDDApproach_Reqress.GetAllUsers -->
