<?xml version="1.0" encoding="UTF-8"?>
<!-- Generated by org.testng.reporters.JUnitReportReporter -->
<testsuite hostname="LAPTOP-5DMPA42V" failures="0" tests="1" name="Reqress_WithoutBDD.GetListOfUsers" time="4.337" errors="0" timestamp="2023-10-27T12:01:12 IST" skipped="0">
  <testcase classname="Reqress_WithoutBDD.GetListOfUsers" name="getListOfUsers" time="4.337"/>
  <system-out/>
</testsuite> <!-- Reqress_WithoutBDD.GetListOfUsers -->
