<?xml version="1.0" encoding="UTF-8"?>
<!-- Generated by org.testng.reporters.JUnitReportReporter -->
<testsuite hostname="LAPTOP-5DMPA42V" failures="0" tests="1" name="Miscellious_Validations.Validation1" time="1.011" errors="0" timestamp="2023-11-02T15:22:35 IST" skipped="0">
  <testcase classname="Miscellious_Validations.Validation1" name="validation1" time="1.011"/>
</testsuite> <!-- Miscellious_Validations.Validation1 -->
