<?xml version="1.0" encoding="UTF-8"?>
<!-- Generated by org.testng.reporters.JUnitReportReporter -->
<testsuite hostname="LAPTOP-5DMPA42V" failures="0" tests="1" name="Authentication.BasicAuth_RMG" time="2.177" errors="0" timestamp="2023-10-31T11:02:20 IST" skipped="0">
  <testcase classname="Authentication.BasicAuth_RMG" name="basicAuth_RMG" time="2.177"/>
  <system-out/>
</testsuite> <!-- Authentication.BasicAuth_RMG -->
