<?xml version="1.0" encoding="UTF-8"?>
<!-- Generated by org.testng.reporters.JUnitReportReporter -->
<testsuite hostname="LAPTOP-5DMPA42V" failures="0" tests="1" name="CRUD_WithoutBDD.CreateProject" time="1.996" errors="0" timestamp="2023-10-27T10:46:54 IST" skipped="0">
  <testcase classname="CRUD_WithoutBDD.CreateProject" name="createProject" time="1.996"/>
  <system-out/>
</testsuite> <!-- CRUD_WithoutBDD.CreateProject -->
