<?xml version="1.0" encoding="UTF-8"?>
<!-- Generated by org.testng.reporters.JUnitReportReporter -->
<testsuite hostname="LAPTOP-5DMPA42V" failures="0" tests="1" name="Parameters.QueryParam" time="2.069" errors="0" timestamp="2023-10-30T10:55:21 IST" skipped="0">
  <testcase classname="Parameters.QueryParam" name="queryParam" time="2.069"/>
  <system-out/>
</testsuite> <!-- Parameters.QueryParam -->
