<?xml version="1.0" encoding="UTF-8"?>
<!-- Generated by org.testng.reporters.JUnitReportReporter -->
<testsuite hostname="LAPTOP-5DMPA42V" failures="0" tests="1" name="Authentication.AccessApisUsingToken_Coops" time="3.239" errors="0" timestamp="2023-11-17T15:33:33 IST" skipped="0">
  <testcase classname="Authentication.AccessApisUsingToken_Coops" name="accessApisUsingToken_Coops" time="3.239"/>
</testsuite> <!-- Authentication.AccessApisUsingToken_Coops -->
