<?xml version="1.0" encoding="UTF-8"?>
<!-- Generated by org.testng.reporters.JUnitReportReporter -->
<testsuite hostname="LAPTOP-5DMPA42V" failures="0" tests="1" name="CRUD_WithoutBDD.DeleteOperation" time="1.659" errors="0" timestamp="2023-10-27T11:21:51 IST" skipped="0">
  <testcase classname="CRUD_WithoutBDD.DeleteOperation" name="deleteOperation" time="1.659"/>
  <system-out/>
</testsuite> <!-- CRUD_WithoutBDD.DeleteOperation -->
