<?xml version="1.0" encoding="UTF-8"?>
<!-- Generated by org.testng.reporters.JUnitReportReporter -->
<testsuite hostname="LAPTOP-5DMPA42V" failures="0" tests="1" name="jsonSchema.SchemaValidation" time="1.713" errors="0" timestamp="2023-12-12T09:42:10 IST" skipped="0">
  <testcase classname="jsonSchema.SchemaValidation" name="schemaValidation" time="1.713"/>
</testsuite> <!-- jsonSchema.SchemaValidation -->
