<?xml version="1.0" encoding="UTF-8"?>
<!-- Generated by org.testng.reporters.JUnitReportReporter -->
<testsuite hostname="LAPTOP-5DMPA42V" failures="0" tests="2" name="WithDataProvider.CreateMultipleProjects_Reqress" time="3.395" errors="0" timestamp="2023-10-30T15:57:43 IST" skipped="0">
  <testcase classname="WithDataProvider.CreateMultipleProjects_Reqress" name="createMultipleProjects_Reqress" time="2.900"/>
  <system-out/>
  <testcase classname="WithDataProvider.CreateMultipleProjects_Reqress" name="createMultipleProjects_Reqress" time="0.495"/>
  <system-out/>
</testsuite> <!-- WithDataProvider.CreateMultipleProjects_Reqress -->
