<?xml version="1.0" encoding="UTF-8"?>
<!-- Generated by org.testng.reporters.JUnitReportReporter -->
<testsuite hostname="LAPTOP-5DMPA42V" failures="0" tests="1" name="Reqress_WithoutBDD.GetSingleUser" time="2.247" errors="0" timestamp="2023-10-27T12:06:16 IST" skipped="0">
  <testcase classname="Reqress_WithoutBDD.GetSingleUser" name="getSingleUser" time="2.247"/>
  <system-out/>
</testsuite> <!-- Reqress_WithoutBDD.GetSingleUser -->
