<?xml version="1.0" encoding="UTF-8"?>
<!-- Generated by org.testng.reporters.JUnitReportReporter -->
<testsuite hostname="LAPTOP-5DMPA42V" failures="0" tests="3" name="WithDataProvider.Excel_CreateMultipleProjects_RMG" time="1.409" errors="0" timestamp="2023-11-03T12:13:31 IST" skipped="0">
  <testcase classname="WithDataProvider.Excel_CreateMultipleProjects_RMG" name="excel_CreateMultipleProjects_RMG" time="0.074"/>
  <testcase classname="WithDataProvider.Excel_CreateMultipleProjects_RMG" name="excel_CreateMultipleProjects_RMG" time="0.065"/>
  <testcase classname="WithDataProvider.Excel_CreateMultipleProjects_RMG" name="excel_CreateMultipleProjects_RMG" time="1.270"/>
</testsuite> <!-- WithDataProvider.Excel_CreateMultipleProjects_RMG -->
