<?xml version="1.0" encoding="UTF-8"?>
<!-- Generated by org.testng.reporters.JUnitReportReporter -->
<testsuite hostname="LAPTOP-5DMPA42V" failures="0" tests="1" name="frameWork.GUI_ProjectCreationAndValidation" time="8.458" errors="0" timestamp="2023-11-02T13:09:59 IST" skipped="0">
  <testcase classname="frameWork.GUI_ProjectCreationAndValidation" name="gUI_ProjectCreationAndValidation" time="8.458"/>
</testsuite> <!-- frameWork.GUI_ProjectCreationAndValidation -->
