<?xml version="1.0" encoding="UTF-8"?>
<!-- Generated by org.testng.reporters.JUnitReportReporter -->
<testsuite hostname="LAPTOP-5DMPA42V" failures="0" tests="1" name="responseValidationAndJSONPath.DynamicResponseValidation" time="2.726" errors="0" timestamp="2023-10-30T12:28:09 IST" skipped="0">
  <testcase classname="responseValidationAndJSONPath.DynamicResponseValidation" name="dynamicResponseValidation" time="2.726"/>
  <system-out/>
</testsuite> <!-- responseValidationAndJSONPath.DynamicResponseValidation -->
