<?xml version="1.0" encoding="UTF-8"?>
<!-- Generated by org.testng.reporters.JUnitReportReporter -->
<testsuite hostname="LAPTOP-5DMPA42V" failures="0" tests="1" name="UsingHashMap_RMG.CreateProject" time="2.402" errors="0" timestamp="2023-10-27T15:45:38 IST" skipped="0">
  <testcase classname="UsingHashMap_RMG.CreateProject" name="createProject" time="2.402"/>
  <system-out/>
</testsuite> <!-- UsingHashMap_RMG.CreateProject -->
