<?xml version="1.0" encoding="UTF-8"?>
<!-- Generated by org.testng.reporters.JUnitReportReporter -->
<testsuite hostname="LAPTOP-5DMPA42V" failures="0" tests="1" name="RequestChaining.RequestChaining_Reqress" time="3.908" errors="0" timestamp="2023-12-12T15:35:36 IST" skipped="0">
  <testcase classname="RequestChaining.RequestChaining_Reqress" name="requestChaining_Reqress" time="3.908"/>
</testsuite> <!-- RequestChaining.RequestChaining_Reqress -->
