<?xml version="1.0" encoding="UTF-8"?>
<!-- Generated by org.testng.reporters.JUnitReportReporter -->
<testsuite hostname="LAPTOP-5DMPA42V" failures="0" tests="1" name="responseValidationAndJSONPath.DynamicResponseValidation_Reqress" time="1.599" errors="0" timestamp="2023-10-30T12:59:59 IST" skipped="0">
  <testcase classname="responseValidationAndJSONPath.DynamicResponseValidation_Reqress" name="dynamicResponseValidation_Reqress" time="1.599"/>
  <system-out/>
</testsuite> <!-- responseValidationAndJSONPath.DynamicResponseValidation_Reqress -->
