<?xml version="1.0" encoding="UTF-8"?>
<!-- Generated by org.testng.reporters.JUnitReportReporter -->
<testsuite hostname="LAPTOP-5DMPA42V" failures="0" tests="1" name="Authentication.RequestSpecBuilderAndResponseSpecBuilder_RMG" time="1.237" errors="0" timestamp="2023-10-31T13:27:44 IST" skipped="0">
  <testcase classname="Authentication.RequestSpecBuilderAndResponseSpecBuilder_RMG" name="requestSpecBuilderAndResponseSpecBuilder" time="1.237"/>
  <system-out/>
</testsuite> <!-- Authentication.RequestSpecBuilderAndResponseSpecBuilder_RMG -->
