<?xml version="1.0" encoding="UTF-8"?>
<!-- Generated by org.testng.reporters.JUnitReportReporter -->
<testsuite hostname="LAPTOP-5DMPA42V" failures="0" tests="3" name="WithDataProvider.CreateMultipleProjects" time="1.322" errors="0" timestamp="2023-10-30T15:39:25 IST" skipped="0">
  <testcase classname="WithDataProvider.CreateMultipleProjects" name="createMultipleProjects" time="1.191"/>
  <system-out/>
  <testcase classname="WithDataProvider.CreateMultipleProjects" name="createMultipleProjects" time="0.063"/>
  <system-out/>
  <testcase classname="WithDataProvider.CreateMultipleProjects" name="createMultipleProjects" time="0.068"/>
  <system-out/>
</testsuite> <!-- WithDataProvider.CreateMultipleProjects -->
