<?xml version="1.0" encoding="UTF-8"?>
<!-- Generated by org.testng.reporters.JUnitReportReporter -->
<testsuite hostname="LAPTOP-5DMPA42V" failures="0" tests="1" name="Authentication.OAuth1_Coops" time="1.436" errors="0" timestamp="2023-10-31T12:31:01 IST" skipped="0">
  <testcase classname="Authentication.OAuth1_Coops" name="oAuth1_Coops" time="1.436"/>
  <system-out/>
</testsuite> <!-- Authentication.OAuth1_Coops -->
