<?xml version="1.0" encoding="UTF-8"?>
<!-- Generated by org.testng.reporters.JUnitReportReporter -->
<testsuite hostname="LAPTOP-5DMPA42V" failures="0" tests="1" name="CRUD_WithoutBDD.GetSingleProject" time="1.668" errors="0" timestamp="2023-10-27T11:00:29 IST" skipped="0">
  <testcase classname="CRUD_WithoutBDD.GetSingleProject" name="getSingleProject1" time="1.668"/>
  <system-out/>
</testsuite> <!-- CRUD_WithoutBDD.GetSingleProject -->
