<?xml version="1.0" encoding="UTF-8"?>
<!-- Generated by org.testng.reporters.JUnitReportReporter -->
<testsuite hostname="LAPTOP-5DMPA42V" failures="0" tests="1" name="CRUD_WithoutBDD.PutOperation" time="2.084" errors="0" timestamp="2023-10-27T11:15:27 IST" skipped="0">
  <testcase classname="CRUD_WithoutBDD.PutOperation" name="putOperation" time="2.084"/>
  <system-out/>
</testsuite> <!-- CRUD_WithoutBDD.PutOperation -->
