<?xml version="1.0" encoding="UTF-8"?>
<!-- Generated by org.testng.reporters.JUnitReportReporter -->
<testsuite hostname="LAPTOP-5DMPA42V" failures="0" tests="1" name="Parsing.MultiplePhNos_Deserialization" time="0.268" errors="0" timestamp="2023-10-31T15:53:57 IST" skipped="0">
  <testcase classname="Parsing.MultiplePhNos_Deserialization" name="multiplePhNos_Deserialization" time="0.268"/>
  <system-out/>
</testsuite> <!-- Parsing.MultiplePhNos_Deserialization -->
