<?xml version="1.0" encoding="UTF-8"?>
<!-- Generated by org.testng.reporters.JUnitReportReporter -->
<testsuite hostname="LAPTOP-5DMPA42V" failures="0" tests="1" name="CRUD_WithBDDApproach_RMG.GetSingleProject" time="1.072" errors="0" timestamp="2023-10-27T14:04:23 IST" skipped="0">
  <testcase classname="CRUD_WithBDDApproach_RMG.GetSingleProject" name="getSingleProject" time="1.072"/>
  <system-out/>
</testsuite> <!-- CRUD_WithBDDApproach_RMG.GetSingleProject -->
