<?xml version="1.0" encoding="UTF-8"?>
<!-- Generated by org.testng.reporters.JUnitReportReporter -->
<testsuite hostname="LAPTOP-5DMPA42V" failures="0" tests="1" name="UsingJSONFile.CreateProject" time="1.093" errors="0" timestamp="2023-10-27T15:27:10 IST" skipped="0">
  <testcase classname="UsingJSONFile.CreateProject" name="createProject" time="1.093"/>
  <system-out/>
</testsuite> <!-- UsingJSONFile.CreateProject -->
