<?xml version="1.0" encoding="UTF-8"?>
<!-- Generated by org.testng.reporters.JUnitReportReporter -->
<testsuite hostname="LAPTOP-5DMPA42V" failures="0" tests="1" name="Parameters.PathParameters" time="2.079" errors="0" timestamp="2023-10-30T10:50:31 IST" skipped="0">
  <testcase classname="Parameters.PathParameters" name="pathParameters" time="2.079"/>
  <system-out/>
</testsuite> <!-- Parameters.PathParameters -->
