<?xml version="1.0" encoding="UTF-8"?>
<!-- Generated by org.testng.reporters.JUnitReportReporter -->
<testsuite hostname="LAPTOP-5DMPA42V" failures="0" tests="1" name="responseValidation.StaticResponseValid" time="3.051" errors="0" timestamp="2023-10-30T11:33:54 IST" skipped="0">
  <testcase classname="responseValidation.StaticResponseValid" name="staticResponseValid" time="3.051"/>
  <system-out/>
</testsuite> <!-- responseValidation.StaticResponseValid -->
