<?xml version="1.0" encoding="UTF-8"?>
<!-- Generated by org.testng.reporters.JUnitReportReporter -->
<testsuite hostname="LAPTOP-5DMPA42V" failures="0" tests="1" name="jsonSchema.SchemaValidation" time="3.143" errors="0" timestamp="2023-10-31T17:47:59 IST" skipped="0">
  <testcase classname="jsonSchema.SchemaValidation" name="schemaValidation" time="3.143"/>
  <system-out/>
</testsuite> <!-- jsonSchema.SchemaValidation -->
