<?xml version="1.0" encoding="UTF-8"?>
<!-- Generated by org.testng.reporters.JUnitReportReporter -->
<testsuite hostname="LAPTOP-5DMPA42V" failures="0" tests="1" name="jsonSchema.FetchFirstName" time="26.310" errors="0" timestamp="2023-11-24T15:35:39 IST" skipped="0">
  <testcase classname="jsonSchema.FetchFirstName" name="fetchFirstName" time="26.310"/>
</testsuite> <!-- jsonSchema.FetchFirstName -->
