<?xml version="1.0" encoding="UTF-8"?>
<!-- Generated by org.testng.reporters.JUnitReportReporter -->
<testsuite hostname="LAPTOP-5DMPA42V" failures="0" tests="1" name="frameWork.CreateProject" time="1.086" errors="0" timestamp="2023-11-02T12:06:08 IST" skipped="0">
  <testcase classname="frameWork.CreateProject" name="createProject" time="1.086"/>
</testsuite> <!-- frameWork.CreateProject -->
