<?xml version="1.0" encoding="UTF-8"?>
<!-- Generated by org.testng.reporters.JUnitReportReporter -->
<testsuite hostname="LAPTOP-5DMPA42V" failures="0" tests="1" name="RequestChaining.RequestChaining_Reqress" time="2.526" errors="0" timestamp="2023-11-17T16:17:07 IST" skipped="0">
  <testcase classname="RequestChaining.RequestChaining_Reqress" name="requestChaining_Reqress" time="2.526"/>
</testsuite> <!-- RequestChaining.RequestChaining_Reqress -->
