<?xml version="1.0" encoding="UTF-8"?>
<!-- Generated by org.testng.reporters.JUnitReportReporter -->
<testsuite hostname="LAPTOP-5DMPA42V" failures="0" tests="1" name="Parsing.Deserialization" time="0.130" errors="0" timestamp="2023-10-31T15:25:03 IST" skipped="0">
  <testcase classname="Parsing.Deserialization" name="deserialization" time="0.130"/>
  <system-out/>
</testsuite> <!-- Parsing.Deserialization -->
