<?xml version="1.0" encoding="UTF-8"?>
<!-- Generated by org.testng.reporters.JUnitReportReporter -->
<testsuite hostname="LAPTOP-5DMPA42V" failures="0" tests="1" name="ReqressWithBDDApproach.CreateUser" time="3.140" errors="0" timestamp="2023-10-27T14:25:47 IST" skipped="0">
  <testcase classname="ReqressWithBDDApproach.CreateUser" name="createUser" time="3.140"/>
  <system-out/>
</testsuite> <!-- ReqressWithBDDApproach.CreateUser -->
