<?xml version="1.0" encoding="UTF-8"?>
<!-- Generated by org.testng.reporters.JUnitReportReporter -->
<testsuite hostname="LAPTOP-5DMPA42V" failures="0" tests="1" name="CRUD_WithBDDApproach_RMG.CreateProject" time="1.252" errors="0" timestamp="2023-10-27T12:37:50 IST" skipped="0">
  <testcase classname="CRUD_WithBDDApproach_RMG.CreateProject" name="createProject" time="1.252"/>
  <system-out/>
</testsuite> <!-- CRUD_WithBDDApproach_RMG.CreateProject -->
