<?xml version="1.0" encoding="UTF-8"?>
<!-- Generated by org.testng.reporters.JUnitReportReporter -->
<testsuite hostname="LAPTOP-5DMPA42V" failures="0" tests="1" name="CRUD_WithBDDApproach_Reqress.UpdateUser" time="2.843" errors="0" timestamp="2023-10-27T14:59:17 IST" skipped="0">
  <testcase classname="CRUD_WithBDDApproach_Reqress.UpdateUser" name="updateUser" time="2.843"/>
  <system-out/>
</testsuite> <!-- CRUD_WithBDDApproach_Reqress.UpdateUser -->
